<?xml version="1.0" encoding="UTF-8"?>
<coverage generated="1520021396051" clover="3.2.0">
  <project timestamp="1520021396051" name="All files">
    <metrics statements="2" coveredstatements="2" conditionals="130" coveredconditionals="15" methods="43" coveredmethods="6" elements="175" coveredelements="23" complexity="0" loc="2" ncloc="2" packages="1" files="2" classes="2">
      <file name="qd.min.js" path="/Users/pmajor/projects/StandaloneProjects/detectorLib/github/quickdetect/dist/qd.min.js">
        <metrics statements="1" coveredstatements="1" conditionals="92" coveredconditionals="12" methods="19" coveredmethods="3"/>
        <line num="1" count="1" type="cond" truecount="12" falsecount="80"/>
      </file>
      <file name="qdp.min.js" path="/Users/pmajor/projects/StandaloneProjects/detectorLib/github/quickdetect/dist/qdp.min.js">
        <metrics statements="1" coveredstatements="1" conditionals="38" coveredconditionals="3" methods="24" coveredmethods="3"/>
        <line num="1" count="1" type="cond" truecount="3" falsecount="35"/>
      </file>
    </metrics>
  </project>
</coverage>
