{"/Users/pmajor/projects/StandaloneProjects/detectorLib/github/quickdetect/dist/qd.min.js": {"path":"/Users/pmajor/projects/StandaloneProjects/detectorLib/github/quickdetect/dist/qd.min.js","statementMap":{"0":{"start":{"line":1,"column":0},"end":{"line":1,"column":3848}},"1":{"start":{"line":1,"column":19},"end":{"line":1,"column":21}},"2":{"start":{"line":1,"column":36},"end":{"line":1,"column":64}},"3":{"start":{"line":1,"column":44},"end":{"line":1,"column":64}},"4":{"start":{"line":1,"column":70},"end":{"line":1,"column":96}},"5":{"start":{"line":1,"column":97},"end":{"line":1,"column":155}},"6":{"start":{"line":1,"column":156},"end":{"line":1,"column":524}},"7":{"start":{"line":1,"column":188},"end":{"line":1,"column":262}},"8":{"start":{"line":1,"column":280},"end":{"line":1,"column":328}},"9":{"start":{"line":1,"column":352},"end":{"line":1,"column":417}},"10":{"start":{"line":1,"column":379},"end":{"line":1,"column":395}},"11":{"start":{"line":1,"column":408},"end":{"line":1,"column":416}},"12":{"start":{"line":1,"column":418},"end":{"line":1,"column":439}},"13":{"start":{"line":1,"column":459},"end":{"line":1,"column":507}},"14":{"start":{"line":1,"column":565},"end":{"line":1,"column":3844}},"15":{"start":{"line":1,"column":605},"end":{"line":1,"column":741}},"16":{"start":{"line":1,"column":779},"end":{"line":1,"column":798}},"17":{"start":{"line":1,"column":812},"end":{"line":1,"column":826}},"18":{"start":{"line":1,"column":882},"end":{"line":1,"column":977}},"19":{"start":{"line":1,"column":1041},"end":{"line":1,"column":1140}},"20":{"start":{"line":1,"column":1242},"end":{"line":1,"column":1347}},"21":{"start":{"line":1,"column":1413},"end":{"line":1,"column":1516}},"22":{"start":{"line":1,"column":1711},"end":{"line":1,"column":1814}},"23":{"start":{"line":1,"column":1890},"end":{"line":1,"column":1991}},"24":{"start":{"line":1,"column":2022},"end":{"line":1,"column":2117}},"25":{"start":{"line":1,"column":2118},"end":{"line":1,"column":2196}},"26":{"start":{"line":1,"column":2228},"end":{"line":1,"column":2302}},"27":{"start":{"line":1,"column":2303},"end":{"line":1,"column":2415}},"28":{"start":{"line":1,"column":2448},"end":{"line":1,"column":2522}},"29":{"start":{"line":1,"column":2523},"end":{"line":1,"column":2637}},"30":{"start":{"line":1,"column":2667},"end":{"line":1,"column":2742}},"31":{"start":{"line":1,"column":2743},"end":{"line":1,"column":2851}},"32":{"start":{"line":1,"column":2876},"end":{"line":1,"column":2973}},"33":{"start":{"line":1,"column":2976},"end":{"line":1,"column":3062}},"34":{"start":{"line":1,"column":3063},"end":{"line":1,"column":3129}},"35":{"start":{"line":1,"column":3158},"end":{"line":1,"column":3164}},"36":{"start":{"line":1,"column":3165},"end":{"line":1,"column":3412}},"37":{"start":{"line":1,"column":3194},"end":{"line":1,"column":3206}},"38":{"start":{"line":1,"column":3206},"end":{"line":1,"column":3212}},"39":{"start":{"line":1,"column":3233},"end":{"line":1,"column":3244}},"40":{"start":{"line":1,"column":3244},"end":{"line":1,"column":3250}},"41":{"start":{"line":1,"column":3271},"end":{"line":1,"column":3282}},"42":{"start":{"line":1,"column":3282},"end":{"line":1,"column":3288}},"43":{"start":{"line":1,"column":3308},"end":{"line":1,"column":3318}},"44":{"start":{"line":1,"column":3318},"end":{"line":1,"column":3324}},"45":{"start":{"line":1,"column":3341},"end":{"line":1,"column":3348}},"46":{"start":{"line":1,"column":3348},"end":{"line":1,"column":3354}},"47":{"start":{"line":1,"column":3373},"end":{"line":1,"column":3382}},"48":{"start":{"line":1,"column":3382},"end":{"line":1,"column":3388}},"49":{"start":{"line":1,"column":3396},"end":{"line":1,"column":3411}},"50":{"start":{"line":1,"column":3412},"end":{"line":1,"column":3459}},"51":{"start":{"line":1,"column":3490},"end":{"line":1,"column":3583}},"52":{"start":{"line":1,"column":3584},"end":{"line":1,"column":3649}},"53":{"start":{"line":1,"column":3679},"end":{"line":1,"column":3697}},"54":{"start":{"line":1,"column":3698},"end":{"line":1,"column":3746}},"55":{"start":{"line":1,"column":3775},"end":{"line":1,"column":3795}},"56":{"start":{"line":1,"column":3796},"end":{"line":1,"column":3843}}},"fnMap":{"0":{"name":"(anonymous_0)","decl":{"start":{"line":1,"column":1},"end":{"line":1,"column":2}},"loc":{"start":{"line":1,"column":12},"end":{"line":1,"column":525}},"line":1},"1":{"name":"t","decl":{"start":{"line":1,"column":31},"end":{"line":1,"column":32}},"loc":{"start":{"line":1,"column":35},"end":{"line":1,"column":156}},"line":1},"2":{"name":"(anonymous_2)","decl":{"start":{"line":1,"column":172},"end":{"line":1,"column":173}},"loc":{"start":{"line":1,"column":187},"end":{"line":1,"column":263}},"line":1},"3":{"name":"(anonymous_3)","decl":{"start":{"line":1,"column":268},"end":{"line":1,"column":269}},"loc":{"start":{"line":1,"column":279},"end":{"line":1,"column":329}},"line":1},"4":{"name":"(anonymous_4)","decl":{"start":{"line":1,"column":334},"end":{"line":1,"column":335}},"loc":{"start":{"line":1,"column":345},"end":{"line":1,"column":440}},"line":1},"5":{"name":"(anonymous_5)","decl":{"start":{"line":1,"column":368},"end":{"line":1,"column":369}},"loc":{"start":{"line":1,"column":378},"end":{"line":1,"column":396}},"line":1},"6":{"name":"(anonymous_6)","decl":{"start":{"line":1,"column":397},"end":{"line":1,"column":398}},"loc":{"start":{"line":1,"column":407},"end":{"line":1,"column":417}},"line":1},"7":{"name":"(anonymous_7)","decl":{"start":{"line":1,"column":445},"end":{"line":1,"column":446}},"loc":{"start":{"line":1,"column":458},"end":{"line":1,"column":508}},"line":1},"8":{"name":"(anonymous_8)","decl":{"start":{"line":1,"column":528},"end":{"line":1,"column":529}},"loc":{"start":{"line":1,"column":543},"end":{"line":1,"column":3845}},"line":1},"9":{"name":"(anonymous_9)","decl":{"start":{"line":1,"column":593},"end":{"line":1,"column":594}},"loc":{"start":{"line":1,"column":604},"end":{"line":1,"column":742}},"line":1},"10":{"name":"(anonymous_10)","decl":{"start":{"line":1,"column":2005},"end":{"line":1,"column":2006}},"loc":{"start":{"line":1,"column":2015},"end":{"line":1,"column":2197}},"line":1},"11":{"name":"(anonymous_11)","decl":{"start":{"line":1,"column":2211},"end":{"line":1,"column":2212}},"loc":{"start":{"line":1,"column":2221},"end":{"line":1,"column":2416}},"line":1},"12":{"name":"(anonymous_12)","decl":{"start":{"line":1,"column":2431},"end":{"line":1,"column":2432}},"loc":{"start":{"line":1,"column":2441},"end":{"line":1,"column":2638}},"line":1},"13":{"name":"(anonymous_13)","decl":{"start":{"line":1,"column":2650},"end":{"line":1,"column":2651}},"loc":{"start":{"line":1,"column":2660},"end":{"line":1,"column":2852}},"line":1},"14":{"name":"(anonymous_14)","decl":{"start":{"line":1,"column":2859},"end":{"line":1,"column":2860}},"loc":{"start":{"line":1,"column":2869},"end":{"line":1,"column":3130}},"line":1},"15":{"name":"(anonymous_15)","decl":{"start":{"line":1,"column":3141},"end":{"line":1,"column":3142}},"loc":{"start":{"line":1,"column":3151},"end":{"line":1,"column":3460}},"line":1},"16":{"name":"(anonymous_16)","decl":{"start":{"line":1,"column":3473},"end":{"line":1,"column":3474}},"loc":{"start":{"line":1,"column":3483},"end":{"line":1,"column":3650}},"line":1},"17":{"name":"(anonymous_17)","decl":{"start":{"line":1,"column":3662},"end":{"line":1,"column":3663}},"loc":{"start":{"line":1,"column":3672},"end":{"line":1,"column":3747}},"line":1},"18":{"name":"(anonymous_18)","decl":{"start":{"line":1,"column":3758},"end":{"line":1,"column":3759}},"loc":{"start":{"line":1,"column":3768},"end":{"line":1,"column":3844}},"line":1}},"branchMap":{"0":{"loc":{"start":{"line":1,"column":36},"end":{"line":1,"column":64}},"type":"if","locations":[{"start":{"line":1,"column":36},"end":{"line":1,"column":64}},{"start":{"line":1,"column":36},"end":{"line":1,"column":64}}],"line":1},"1":{"loc":{"start":{"line":1,"column":188},"end":{"line":1,"column":262}},"type":"binary-expr","locations":[{"start":{"line":1,"column":188},"end":{"line":1,"column":196}},{"start":{"line":1,"column":198},"end":{"line":1,"column":262}}],"line":1},"2":{"loc":{"start":{"line":1,"column":352},"end":{"line":1,"column":417}},"type":"cond-expr","locations":[{"start":{"line":1,"column":368},"end":{"line":1,"column":396}},{"start":{"line":1,"column":397},"end":{"line":1,"column":417}}],"line":1},"3":{"loc":{"start":{"line":1,"column":352},"end":{"line":1,"column":367}},"type":"binary-expr","locations":[{"start":{"line":1,"column":352},"end":{"line":1,"column":353}},{"start":{"line":1,"column":355},"end":{"line":1,"column":367}}],"line":1},"4":{"loc":{"start":{"line":1,"column":577},"end":{"line":1,"column":590}},"type":"binary-expr","locations":[{"start":{"line":1,"column":577},"end":{"line":1,"column":586}},{"start":{"line":1,"column":588},"end":{"line":1,"column":590}}],"line":1},"5":{"loc":{"start":{"line":1,"column":605},"end":{"line":1,"column":741}},"type":"cond-expr","locations":[{"start":{"line":1,"column":640},"end":{"line":1,"column":707}},{"start":{"line":1,"column":708},"end":{"line":1,"column":741}}],"line":1},"6":{"loc":{"start":{"line":1,"column":607},"end":{"line":1,"column":638}},"type":"binary-expr","locations":[{"start":{"line":1,"column":607},"end":{"line":1,"column":620}},{"start":{"line":1,"column":622},"end":{"line":1,"column":638}}],"line":1},"7":{"loc":{"start":{"line":1,"column":889},"end":{"line":1,"column":965}},"type":"binary-expr","locations":[{"start":{"line":1,"column":889},"end":{"line":1,"column":906}},{"start":{"line":1,"column":909},"end":{"line":1,"column":964}}],"line":1},"8":{"loc":{"start":{"line":1,"column":909},"end":{"line":1,"column":964}},"type":"cond-expr","locations":[{"start":{"line":1,"column":921},"end":{"line":1,"column":940}},{"start":{"line":1,"column":941},"end":{"line":1,"column":964}}],"line":1},"9":{"loc":{"start":{"line":1,"column":997},"end":{"line":1,"column":1023}},"type":"binary-expr","locations":[{"start":{"line":1,"column":997},"end":{"line":1,"column":1003}},{"start":{"line":1,"column":1005},"end":{"line":1,"column":1023}}],"line":1},"10":{"loc":{"start":{"line":1,"column":1048},"end":{"line":1,"column":1128}},"type":"binary-expr","locations":[{"start":{"line":1,"column":1048},"end":{"line":1,"column":1065}},{"start":{"line":1,"column":1068},"end":{"line":1,"column":1127}}],"line":1},"11":{"loc":{"start":{"line":1,"column":1068},"end":{"line":1,"column":1127}},"type":"cond-expr","locations":[{"start":{"line":1,"column":1080},"end":{"line":1,"column":1101}},{"start":{"line":1,"column":1102},"end":{"line":1,"column":1127}}],"line":1},"12":{"loc":{"start":{"line":1,"column":1159},"end":{"line":1,"column":1224}},"type":"binary-expr","locations":[{"start":{"line":1,"column":1159},"end":{"line":1,"column":1175}},{"start":{"line":1,"column":1177},"end":{"line":1,"column":1188}},{"start":{"line":1,"column":1190},"end":{"line":1,"column":1224}}],"line":1},"13":{"loc":{"start":{"line":1,"column":1249},"end":{"line":1,"column":1335}},"type":"binary-expr","locations":[{"start":{"line":1,"column":1249},"end":{"line":1,"column":1266}},{"start":{"line":1,"column":1269},"end":{"line":1,"column":1334}}],"line":1},"14":{"loc":{"start":{"line":1,"column":1269},"end":{"line":1,"column":1334}},"type":"cond-expr","locations":[{"start":{"line":1,"column":1281},"end":{"line":1,"column":1305}},{"start":{"line":1,"column":1306},"end":{"line":1,"column":1334}}],"line":1},"15":{"loc":{"start":{"line":1,"column":1369},"end":{"line":1,"column":1395}},"type":"binary-expr","locations":[{"start":{"line":1,"column":1369},"end":{"line":1,"column":1383}},{"start":{"line":1,"column":1385},"end":{"line":1,"column":1395}}],"line":1},"16":{"loc":{"start":{"line":1,"column":1420},"end":{"line":1,"column":1504}},"type":"binary-expr","locations":[{"start":{"line":1,"column":1420},"end":{"line":1,"column":1437}},{"start":{"line":1,"column":1440},"end":{"line":1,"column":1503}}],"line":1},"17":{"loc":{"start":{"line":1,"column":1440},"end":{"line":1,"column":1503}},"type":"cond-expr","locations":[{"start":{"line":1,"column":1452},"end":{"line":1,"column":1475}},{"start":{"line":1,"column":1476},"end":{"line":1,"column":1503}}],"line":1},"18":{"loc":{"start":{"line":1,"column":1538},"end":{"line":1,"column":1693}},"type":"binary-expr","locations":[{"start":{"line":1,"column":1538},"end":{"line":1,"column":1578}},{"start":{"line":1,"column":1580},"end":{"line":1,"column":1670}},{"start":{"line":1,"column":1672},"end":{"line":1,"column":1693}}],"line":1},"19":{"loc":{"start":{"line":1,"column":1619},"end":{"line":1,"column":1658}},"type":"binary-expr","locations":[{"start":{"line":1,"column":1619},"end":{"line":1,"column":1633}},{"start":{"line":1,"column":1635},"end":{"line":1,"column":1658}}],"line":1},"20":{"loc":{"start":{"line":1,"column":1718},"end":{"line":1,"column":1802}},"type":"binary-expr","locations":[{"start":{"line":1,"column":1718},"end":{"line":1,"column":1735}},{"start":{"line":1,"column":1738},"end":{"line":1,"column":1801}}],"line":1},"21":{"loc":{"start":{"line":1,"column":1738},"end":{"line":1,"column":1801}},"type":"cond-expr","locations":[{"start":{"line":1,"column":1750},"end":{"line":1,"column":1773}},{"start":{"line":1,"column":1774},"end":{"line":1,"column":1801}}],"line":1},"22":{"loc":{"start":{"line":1,"column":1836},"end":{"line":1,"column":1872}},"type":"binary-expr","locations":[{"start":{"line":1,"column":1836},"end":{"line":1,"column":1846}},{"start":{"line":1,"column":1848},"end":{"line":1,"column":1858}},{"start":{"line":1,"column":1860},"end":{"line":1,"column":1872}}],"line":1},"23":{"loc":{"start":{"line":1,"column":1897},"end":{"line":1,"column":1979}},"type":"binary-expr","locations":[{"start":{"line":1,"column":1897},"end":{"line":1,"column":1914}},{"start":{"line":1,"column":1917},"end":{"line":1,"column":1978}}],"line":1},"24":{"loc":{"start":{"line":1,"column":1917},"end":{"line":1,"column":1978}},"type":"cond-expr","locations":[{"start":{"line":1,"column":1929},"end":{"line":1,"column":1951}},{"start":{"line":1,"column":1952},"end":{"line":1,"column":1978}}],"line":1},"25":{"loc":{"start":{"line":1,"column":2125},"end":{"line":1,"column":2194}},"type":"binary-expr","locations":[{"start":{"line":1,"column":2125},"end":{"line":1,"column":2142}},{"start":{"line":1,"column":2144},"end":{"line":1,"column":2194}}],"line":1},"26":{"loc":{"start":{"line":1,"column":2146},"end":{"line":1,"column":2193}},"type":"cond-expr","locations":[{"start":{"line":1,"column":2148},"end":{"line":1,"column":2168}},{"start":{"line":1,"column":2169},"end":{"line":1,"column":2193}}],"line":1},"27":{"loc":{"start":{"line":1,"column":2310},"end":{"line":1,"column":2413}},"type":"binary-expr","locations":[{"start":{"line":1,"column":2310},"end":{"line":1,"column":2327}},{"start":{"line":1,"column":2329},"end":{"line":1,"column":2413}}],"line":1},"28":{"loc":{"start":{"line":1,"column":2331},"end":{"line":1,"column":2412}},"type":"cond-expr","locations":[{"start":{"line":1,"column":2333},"end":{"line":1,"column":2370}},{"start":{"line":1,"column":2371},"end":{"line":1,"column":2412}}],"line":1},"29":{"loc":{"start":{"line":1,"column":2530},"end":{"line":1,"column":2635}},"type":"binary-expr","locations":[{"start":{"line":1,"column":2530},"end":{"line":1,"column":2547}},{"start":{"line":1,"column":2549},"end":{"line":1,"column":2635}}],"line":1},"30":{"loc":{"start":{"line":1,"column":2551},"end":{"line":1,"column":2634}},"type":"cond-expr","locations":[{"start":{"line":1,"column":2553},"end":{"line":1,"column":2591}},{"start":{"line":1,"column":2592},"end":{"line":1,"column":2634}}],"line":1},"31":{"loc":{"start":{"line":1,"column":2750},"end":{"line":1,"column":2849}},"type":"binary-expr","locations":[{"start":{"line":1,"column":2750},"end":{"line":1,"column":2767}},{"start":{"line":1,"column":2769},"end":{"line":1,"column":2849}}],"line":1},"32":{"loc":{"start":{"line":1,"column":2771},"end":{"line":1,"column":2848}},"type":"cond-expr","locations":[{"start":{"line":1,"column":2773},"end":{"line":1,"column":2808}},{"start":{"line":1,"column":2809},"end":{"line":1,"column":2848}}],"line":1},"33":{"loc":{"start":{"line":1,"column":2876},"end":{"line":1,"column":2973}},"type":"cond-expr","locations":[{"start":{"line":1,"column":2951},"end":{"line":1,"column":2962}},{"start":{"line":1,"column":2963},"end":{"line":1,"column":2973}}],"line":1},"34":{"loc":{"start":{"line":1,"column":2976},"end":{"line":1,"column":3062}},"type":"cond-expr","locations":[{"start":{"line":1,"column":3052},"end":{"line":1,"column":3060}},{"start":{"line":1,"column":3061},"end":{"line":1,"column":3062}}],"line":1},"35":{"loc":{"start":{"line":1,"column":3070},"end":{"line":1,"column":3127}},"type":"binary-expr","locations":[{"start":{"line":1,"column":3070},"end":{"line":1,"column":3087}},{"start":{"line":1,"column":3089},"end":{"line":1,"column":3127}}],"line":1},"36":{"loc":{"start":{"line":1,"column":3165},"end":{"line":1,"column":3412}},"type":"switch","locations":[{"start":{"line":1,"column":3176},"end":{"line":1,"column":3212}},{"start":{"line":1,"column":3212},"end":{"line":1,"column":3250}},{"start":{"line":1,"column":3250},"end":{"line":1,"column":3288}},{"start":{"line":1,"column":3288},"end":{"line":1,"column":3324}},{"start":{"line":1,"column":3324},"end":{"line":1,"column":3354}},{"start":{"line":1,"column":3354},"end":{"line":1,"column":3388}},{"start":{"line":1,"column":3388},"end":{"line":1,"column":3411}}],"line":1},"37":{"loc":{"start":{"line":1,"column":3419},"end":{"line":1,"column":3457}},"type":"binary-expr","locations":[{"start":{"line":1,"column":3419},"end":{"line":1,"column":3436}},{"start":{"line":1,"column":3438},"end":{"line":1,"column":3457}}],"line":1},"38":{"loc":{"start":{"line":1,"column":3593},"end":{"line":1,"column":3609}},"type":"cond-expr","locations":[{"start":{"line":1,"column":3595},"end":{"line":1,"column":3599}},{"start":{"line":1,"column":3600},"end":{"line":1,"column":3609}}],"line":1},"39":{"loc":{"start":{"line":1,"column":3610},"end":{"line":1,"column":3647}},"type":"binary-expr","locations":[{"start":{"line":1,"column":3610},"end":{"line":1,"column":3627}},{"start":{"line":1,"column":3629},"end":{"line":1,"column":3647}}],"line":1},"40":{"loc":{"start":{"line":1,"column":3705},"end":{"line":1,"column":3744}},"type":"binary-expr","locations":[{"start":{"line":1,"column":3705},"end":{"line":1,"column":3722}},{"start":{"line":1,"column":3724},"end":{"line":1,"column":3744}}],"line":1},"41":{"loc":{"start":{"line":1,"column":3803},"end":{"line":1,"column":3841}},"type":"binary-expr","locations":[{"start":{"line":1,"column":3803},"end":{"line":1,"column":3820}},{"start":{"line":1,"column":3822},"end":{"line":1,"column":3841}}],"line":1}},"s":{"0":1,"1":1,"2":1,"3":0,"4":1,"5":1,"6":1,"7":0,"8":0,"9":0,"10":0,"11":0,"12":0,"13":0,"14":1,"15":0,"16":0,"17":0,"18":0,"19":0,"20":0,"21":0,"22":0,"23":0,"24":0,"25":0,"26":0,"27":0,"28":0,"29":0,"30":0,"31":0,"32":0,"33":0,"34":0,"35":0,"36":0,"37":0,"38":0,"39":0,"40":0,"41":0,"42":0,"43":0,"44":0,"45":0,"46":0,"47":0,"48":0,"49":0,"50":0,"51":0,"52":0,"53":0,"54":0,"55":0,"56":0},"f":{"0":1,"1":1,"2":0,"3":0,"4":0,"5":0,"6":0,"7":0,"8":1,"9":0,"10":0,"11":0,"12":0,"13":0,"14":0,"15":0,"16":0,"17":0,"18":0},"b":{"0":[0,1],"1":[0,0],"2":[0,0],"3":[0,0],"4":[1,1],"5":[0,0],"6":[0,0],"7":[0,0],"8":[0,0],"9":[1,1],"10":[0,0],"11":[0,0],"12":[1,1,1],"13":[0,0],"14":[0,0],"15":[1,0],"16":[0,0],"17":[0,0],"18":[1,0,0],"19":[0,0],"20":[0,0],"21":[0,0],"22":[1,0,1],"23":[0,0],"24":[0,0],"25":[0,0],"26":[0,0],"27":[0,0],"28":[0,0],"29":[0,0],"30":[0,0],"31":[0,0],"32":[0,0],"33":[0,0],"34":[0,0],"35":[0,0],"36":[0,0,0,0,0,0,0],"37":[0,0],"38":[0,0],"39":[0,0],"40":[0,0],"41":[0,0]},"_coverageSchema":"332fd63041d2c1bcb487cc26dd0d5f7d97098a6c","hash":"b2e7e8956b7e1364917fc2d6f0d2f24b5edd6767"}
,"/Users/pmajor/projects/StandaloneProjects/detectorLib/github/quickdetect/dist/qdp.min.js": {"path":"/Users/pmajor/projects/StandaloneProjects/detectorLib/github/quickdetect/dist/qdp.min.js","statementMap":{"0":{"start":{"line":1,"column":0},"end":{"line":1,"column":2400}},"1":{"start":{"line":1,"column":19},"end":{"line":1,"column":21}},"2":{"start":{"line":1,"column":36},"end":{"line":1,"column":64}},"3":{"start":{"line":1,"column":44},"end":{"line":1,"column":64}},"4":{"start":{"line":1,"column":70},"end":{"line":1,"column":96}},"5":{"start":{"line":1,"column":97},"end":{"line":1,"column":155}},"6":{"start":{"line":1,"column":156},"end":{"line":1,"column":524}},"7":{"start":{"line":1,"column":188},"end":{"line":1,"column":262}},"8":{"start":{"line":1,"column":280},"end":{"line":1,"column":328}},"9":{"start":{"line":1,"column":352},"end":{"line":1,"column":417}},"10":{"start":{"line":1,"column":379},"end":{"line":1,"column":395}},"11":{"start":{"line":1,"column":408},"end":{"line":1,"column":416}},"12":{"start":{"line":1,"column":418},"end":{"line":1,"column":439}},"13":{"start":{"line":1,"column":459},"end":{"line":1,"column":507}},"14":{"start":{"line":1,"column":562},"end":{"line":1,"column":2396}},"15":{"start":{"line":1,"column":615},"end":{"line":1,"column":644}},"16":{"start":{"line":1,"column":676},"end":{"line":1,"column":711}},"17":{"start":{"line":1,"column":742},"end":{"line":1,"column":816}},"18":{"start":{"line":1,"column":850},"end":{"line":1,"column":885}},"19":{"start":{"line":1,"column":919},"end":{"line":1,"column":1083}},"20":{"start":{"line":1,"column":1116},"end":{"line":1,"column":1162}},"21":{"start":{"line":1,"column":1187},"end":{"line":1,"column":1288}},"22":{"start":{"line":1,"column":1314},"end":{"line":1,"column":1395}},"23":{"start":{"line":1,"column":1422},"end":{"line":1,"column":1503}},"24":{"start":{"line":1,"column":1527},"end":{"line":1,"column":1609}},"25":{"start":{"line":1,"column":1634},"end":{"line":1,"column":1731}},"26":{"start":{"line":1,"column":1732},"end":{"line":1,"column":1825}},"27":{"start":{"line":1,"column":1854},"end":{"line":1,"column":1860}},"28":{"start":{"line":1,"column":1861},"end":{"line":1,"column":2138}},"29":{"start":{"line":1,"column":1895},"end":{"line":1,"column":1907}},"30":{"start":{"line":1,"column":1907},"end":{"line":1,"column":1913}},"31":{"start":{"line":1,"column":1939},"end":{"line":1,"column":1950}},"32":{"start":{"line":1,"column":1950},"end":{"line":1,"column":1956}},"33":{"start":{"line":1,"column":1982},"end":{"line":1,"column":1993}},"34":{"start":{"line":1,"column":1993},"end":{"line":1,"column":1999}},"35":{"start":{"line":1,"column":2024},"end":{"line":1,"column":2034}},"36":{"start":{"line":1,"column":2034},"end":{"line":1,"column":2040}},"37":{"start":{"line":1,"column":2062},"end":{"line":1,"column":2069}},"38":{"start":{"line":1,"column":2069},"end":{"line":1,"column":2075}},"39":{"start":{"line":1,"column":2099},"end":{"line":1,"column":2108}},"40":{"start":{"line":1,"column":2108},"end":{"line":1,"column":2114}},"41":{"start":{"line":1,"column":2122},"end":{"line":1,"column":2137}},"42":{"start":{"line":1,"column":2138},"end":{"line":1,"column":2146}},"43":{"start":{"line":1,"column":2177},"end":{"line":1,"column":2270}},"44":{"start":{"line":1,"column":2271},"end":{"line":1,"column":2296}},"45":{"start":{"line":1,"column":2320},"end":{"line":1,"column":2345}},"46":{"start":{"line":1,"column":2368},"end":{"line":1,"column":2395}}},"fnMap":{"0":{"name":"(anonymous_0)","decl":{"start":{"line":1,"column":1},"end":{"line":1,"column":2}},"loc":{"start":{"line":1,"column":12},"end":{"line":1,"column":525}},"line":1},"1":{"name":"r","decl":{"start":{"line":1,"column":31},"end":{"line":1,"column":32}},"loc":{"start":{"line":1,"column":35},"end":{"line":1,"column":156}},"line":1},"2":{"name":"(anonymous_2)","decl":{"start":{"line":1,"column":172},"end":{"line":1,"column":173}},"loc":{"start":{"line":1,"column":187},"end":{"line":1,"column":263}},"line":1},"3":{"name":"(anonymous_3)","decl":{"start":{"line":1,"column":268},"end":{"line":1,"column":269}},"loc":{"start":{"line":1,"column":279},"end":{"line":1,"column":329}},"line":1},"4":{"name":"(anonymous_4)","decl":{"start":{"line":1,"column":334},"end":{"line":1,"column":335}},"loc":{"start":{"line":1,"column":345},"end":{"line":1,"column":440}},"line":1},"5":{"name":"(anonymous_5)","decl":{"start":{"line":1,"column":368},"end":{"line":1,"column":369}},"loc":{"start":{"line":1,"column":378},"end":{"line":1,"column":396}},"line":1},"6":{"name":"(anonymous_6)","decl":{"start":{"line":1,"column":397},"end":{"line":1,"column":398}},"loc":{"start":{"line":1,"column":407},"end":{"line":1,"column":417}},"line":1},"7":{"name":"(anonymous_7)","decl":{"start":{"line":1,"column":445},"end":{"line":1,"column":446}},"loc":{"start":{"line":1,"column":458},"end":{"line":1,"column":508}},"line":1},"8":{"name":"(anonymous_8)","decl":{"start":{"line":1,"column":527},"end":{"line":1,"column":528}},"loc":{"start":{"line":1,"column":542},"end":{"line":1,"column":2397}},"line":1},"9":{"name":"(anonymous_9)","decl":{"start":{"line":1,"column":604},"end":{"line":1,"column":605}},"loc":{"start":{"line":1,"column":614},"end":{"line":1,"column":645}},"line":1},"10":{"name":"(anonymous_10)","decl":{"start":{"line":1,"column":665},"end":{"line":1,"column":666}},"loc":{"start":{"line":1,"column":675},"end":{"line":1,"column":712}},"line":1},"11":{"name":"(anonymous_11)","decl":{"start":{"line":1,"column":731},"end":{"line":1,"column":732}},"loc":{"start":{"line":1,"column":741},"end":{"line":1,"column":817}},"line":1},"12":{"name":"(anonymous_12)","decl":{"start":{"line":1,"column":839},"end":{"line":1,"column":840}},"loc":{"start":{"line":1,"column":849},"end":{"line":1,"column":886}},"line":1},"13":{"name":"(anonymous_13)","decl":{"start":{"line":1,"column":908},"end":{"line":1,"column":909}},"loc":{"start":{"line":1,"column":918},"end":{"line":1,"column":1084}},"line":1},"14":{"name":"(anonymous_14)","decl":{"start":{"line":1,"column":1105},"end":{"line":1,"column":1106}},"loc":{"start":{"line":1,"column":1115},"end":{"line":1,"column":1163}},"line":1},"15":{"name":"(anonymous_15)","decl":{"start":{"line":1,"column":1176},"end":{"line":1,"column":1177}},"loc":{"start":{"line":1,"column":1186},"end":{"line":1,"column":1289}},"line":1},"16":{"name":"(anonymous_16)","decl":{"start":{"line":1,"column":1303},"end":{"line":1,"column":1304}},"loc":{"start":{"line":1,"column":1313},"end":{"line":1,"column":1396}},"line":1},"17":{"name":"(anonymous_17)","decl":{"start":{"line":1,"column":1411},"end":{"line":1,"column":1412}},"loc":{"start":{"line":1,"column":1421},"end":{"line":1,"column":1504}},"line":1},"18":{"name":"(anonymous_18)","decl":{"start":{"line":1,"column":1516},"end":{"line":1,"column":1517}},"loc":{"start":{"line":1,"column":1526},"end":{"line":1,"column":1610}},"line":1},"19":{"name":"(anonymous_19)","decl":{"start":{"line":1,"column":1617},"end":{"line":1,"column":1618}},"loc":{"start":{"line":1,"column":1627},"end":{"line":1,"column":1826}},"line":1},"20":{"name":"(anonymous_20)","decl":{"start":{"line":1,"column":1837},"end":{"line":1,"column":1838}},"loc":{"start":{"line":1,"column":1847},"end":{"line":1,"column":2147}},"line":1},"21":{"name":"(anonymous_21)","decl":{"start":{"line":1,"column":2160},"end":{"line":1,"column":2161}},"loc":{"start":{"line":1,"column":2170},"end":{"line":1,"column":2297}},"line":1},"22":{"name":"(anonymous_22)","decl":{"start":{"line":1,"column":2309},"end":{"line":1,"column":2310}},"loc":{"start":{"line":1,"column":2319},"end":{"line":1,"column":2346}},"line":1},"23":{"name":"(anonymous_23)","decl":{"start":{"line":1,"column":2357},"end":{"line":1,"column":2358}},"loc":{"start":{"line":1,"column":2367},"end":{"line":1,"column":2396}},"line":1}},"branchMap":{"0":{"loc":{"start":{"line":1,"column":36},"end":{"line":1,"column":64}},"type":"if","locations":[{"start":{"line":1,"column":36},"end":{"line":1,"column":64}},{"start":{"line":1,"column":36},"end":{"line":1,"column":64}}],"line":1},"1":{"loc":{"start":{"line":1,"column":188},"end":{"line":1,"column":262}},"type":"binary-expr","locations":[{"start":{"line":1,"column":188},"end":{"line":1,"column":196}},{"start":{"line":1,"column":198},"end":{"line":1,"column":262}}],"line":1},"2":{"loc":{"start":{"line":1,"column":352},"end":{"line":1,"column":417}},"type":"cond-expr","locations":[{"start":{"line":1,"column":368},"end":{"line":1,"column":396}},{"start":{"line":1,"column":397},"end":{"line":1,"column":417}}],"line":1},"3":{"loc":{"start":{"line":1,"column":352},"end":{"line":1,"column":367}},"type":"binary-expr","locations":[{"start":{"line":1,"column":352},"end":{"line":1,"column":353}},{"start":{"line":1,"column":355},"end":{"line":1,"column":367}}],"line":1},"4":{"loc":{"start":{"line":1,"column":575},"end":{"line":1,"column":588}},"type":"binary-expr","locations":[{"start":{"line":1,"column":575},"end":{"line":1,"column":584}},{"start":{"line":1,"column":586},"end":{"line":1,"column":588}}],"line":1},"5":{"loc":{"start":{"line":1,"column":684},"end":{"line":1,"column":710}},"type":"binary-expr","locations":[{"start":{"line":1,"column":684},"end":{"line":1,"column":690}},{"start":{"line":1,"column":692},"end":{"line":1,"column":710}}],"line":1},"6":{"loc":{"start":{"line":1,"column":750},"end":{"line":1,"column":815}},"type":"binary-expr","locations":[{"start":{"line":1,"column":750},"end":{"line":1,"column":766}},{"start":{"line":1,"column":768},"end":{"line":1,"column":779}},{"start":{"line":1,"column":781},"end":{"line":1,"column":815}}],"line":1},"7":{"loc":{"start":{"line":1,"column":858},"end":{"line":1,"column":884}},"type":"binary-expr","locations":[{"start":{"line":1,"column":858},"end":{"line":1,"column":872}},{"start":{"line":1,"column":874},"end":{"line":1,"column":884}}],"line":1},"8":{"loc":{"start":{"line":1,"column":927},"end":{"line":1,"column":1082}},"type":"binary-expr","locations":[{"start":{"line":1,"column":927},"end":{"line":1,"column":967}},{"start":{"line":1,"column":969},"end":{"line":1,"column":1059}},{"start":{"line":1,"column":1061},"end":{"line":1,"column":1082}}],"line":1},"9":{"loc":{"start":{"line":1,"column":1008},"end":{"line":1,"column":1047}},"type":"binary-expr","locations":[{"start":{"line":1,"column":1008},"end":{"line":1,"column":1022}},{"start":{"line":1,"column":1024},"end":{"line":1,"column":1047}}],"line":1},"10":{"loc":{"start":{"line":1,"column":1125},"end":{"line":1,"column":1161}},"type":"binary-expr","locations":[{"start":{"line":1,"column":1125},"end":{"line":1,"column":1135}},{"start":{"line":1,"column":1137},"end":{"line":1,"column":1147}},{"start":{"line":1,"column":1149},"end":{"line":1,"column":1161}}],"line":1},"11":{"loc":{"start":{"line":1,"column":1634},"end":{"line":1,"column":1731}},"type":"cond-expr","locations":[{"start":{"line":1,"column":1709},"end":{"line":1,"column":1720}},{"start":{"line":1,"column":1721},"end":{"line":1,"column":1731}}],"line":1},"12":{"loc":{"start":{"line":1,"column":1739},"end":{"line":1,"column":1825}},"type":"cond-expr","locations":[{"start":{"line":1,"column":1815},"end":{"line":1,"column":1823}},{"start":{"line":1,"column":1824},"end":{"line":1,"column":1825}}],"line":1},"13":{"loc":{"start":{"line":1,"column":1861},"end":{"line":1,"column":2138}},"type":"switch","locations":[{"start":{"line":1,"column":1872},"end":{"line":1,"column":1913}},{"start":{"line":1,"column":1913},"end":{"line":1,"column":1956}},{"start":{"line":1,"column":1956},"end":{"line":1,"column":1999}},{"start":{"line":1,"column":1999},"end":{"line":1,"column":2040}},{"start":{"line":1,"column":2040},"end":{"line":1,"column":2075}},{"start":{"line":1,"column":2075},"end":{"line":1,"column":2114}},{"start":{"line":1,"column":2114},"end":{"line":1,"column":2137}}],"line":1},"14":{"loc":{"start":{"line":1,"column":2280},"end":{"line":1,"column":2296}},"type":"cond-expr","locations":[{"start":{"line":1,"column":2282},"end":{"line":1,"column":2286}},{"start":{"line":1,"column":2287},"end":{"line":1,"column":2296}}],"line":1}},"s":{"0":1,"1":1,"2":1,"3":0,"4":1,"5":1,"6":1,"7":0,"8":0,"9":0,"10":0,"11":0,"12":0,"13":0,"14":1,"15":0,"16":0,"17":0,"18":0,"19":0,"20":0,"21":0,"22":0,"23":0,"24":0,"25":0,"26":0,"27":0,"28":0,"29":0,"30":0,"31":0,"32":0,"33":0,"34":0,"35":0,"36":0,"37":0,"38":0,"39":0,"40":0,"41":0,"42":0,"43":0,"44":0,"45":0,"46":0},"f":{"0":1,"1":1,"2":0,"3":0,"4":0,"5":0,"6":0,"7":0,"8":1,"9":0,"10":0,"11":0,"12":0,"13":0,"14":0,"15":0,"16":0,"17":0,"18":0,"19":0,"20":0,"21":0,"22":0,"23":0},"b":{"0":[0,1],"1":[0,0],"2":[0,0],"3":[0,0],"4":[1,1],"5":[0,0],"6":[0,0,0],"7":[0,0],"8":[0,0,0],"9":[0,0],"10":[0,0,0],"11":[0,0],"12":[0,0],"13":[0,0,0,0,0,0,0],"14":[0,0]},"_coverageSchema":"332fd63041d2c1bcb487cc26dd0d5f7d97098a6c","hash":"c91f6ad2e2805e30fb7042be2095f6d19d528241"}
}
